<?xml version="1.0" encoding="UTF-8"?>
<!-- Generated by org.testng.reporters.JUnitXMLReporter -->
<testsuite ignored="0" hostname="DESKTOP-4KFMMIN" failures="0" tests="3" name="ChromeTest" time="97.676" errors="0" timestamp="2025-08-04T10:46:33 IST">
  <testcase classname="com.main.TestBase.TC001_UpcomingBikes" name="Filter" time="21.508"/>
  <testcase classname="com.main.TestBase.TC002_ChennaiBikeDetails" name="DisplayChennaiBikes" time="12.53"/>
  <testcase classname="com.main.TestBase.TC003_AuthenticationAndScreenShot" name="AuthenticationAndScreenShot" time="8.933"/>
</testsuite> <!-- ChromeTest -->
