<?xml version="1.0" encoding="UTF-8"?>
<!-- Generated by org.testng.reporters.JUnitXMLReporter -->
<testsuite ignored="0" hostname="DESKTOP-4KFMMIN" failures="0" tests="3" name="EdgeTest" time="98.333" errors="0" timestamp="2025-08-04T10:46:33 IST">
  <testcase classname="com.main.TestBase.TC001_UpcomingBikes" name="Filter" time="27.925"/>
  <testcase classname="com.main.TestBase.TC002_ChennaiBikeDetails" name="DisplayChennaiBikes" time="13.125"/>
  <testcase classname="com.main.TestBase.TC003_AuthenticationAndScreenShot" name="AuthenticationAndScreenShot" time="11.33"/>
</testsuite> <!-- EdgeTest -->
