<?xml version="1.0" encoding="UTF-8"?>
<testng-results ignored="0" total="6" passed="6" failed="0" skipped="0">
  <reporter-output>
  </reporter-output>
  <suite started-at="2025-08-04T10:44:53 IST" name="Suite" finished-at="2025-08-04T10:46:31 IST" duration-ms="98333">
    <groups>
    </groups>
    <test started-at="2025-08-04T10:44:53 IST" name="EdgeTest" finished-at="2025-08-04T10:46:31 IST" duration-ms="98333">
      <class name="com.main.TestBase.TC003_AuthenticationAndScreenShot">
        <test-method is-config="true" signature="initDriver(java.lang.String)[pri:0, instance:com.main.TestBase.TC003_AuthenticationAndScreenShot@13b6aecc]" started-at="2025-08-04T10:46:03 IST" name="initDriver" finished-at="2025-08-04T10:46:14 IST" duration-ms="11351" status="PASS">
          <params>
            <param index="0">
              <value>
                <![CDATA[edge]]>
              </value>
            </param>
          </params>
          <reporter-output>
          </reporter-output>
        </test-method> <!-- initDriver -->
        <test-method signature="AuthenticationAndScreenShot()[pri:0, instance:com.main.TestBase.TC003_AuthenticationAndScreenShot@13b6aecc]" started-at="2025-08-04T10:46:14 IST" name="AuthenticationAndScreenShot" finished-at="2025-08-04T10:46:26 IST" duration-ms="11330" status="PASS">
          <reporter-output>
          </reporter-output>
        </test-method> <!-- AuthenticationAndScreenShot -->
        <test-method is-config="true" signature="afterClass()[pri:0, instance:com.main.TestBase.TC003_AuthenticationAndScreenShot@13b6aecc]" started-at="2025-08-04T10:46:26 IST" name="afterClass" finished-at="2025-08-04T10:46:31 IST" duration-ms="5408" status="PASS">
          <reporter-output>
          </reporter-output>
        </test-method> <!-- afterClass -->
      </class> <!-- com.main.TestBase.TC003_AuthenticationAndScreenShot -->
      <class name="com.main.TestBase.TC002_ChennaiBikeDetails">
        <test-method is-config="true" signature="initDriver(java.lang.String)[pri:0, instance:com.main.TestBase.TC002_ChennaiBikeDetails@7d8704ef]" started-at="2025-08-04T10:45:37 IST" name="initDriver" finished-at="2025-08-04T10:45:45 IST" duration-ms="8150" status="PASS">
          <params>
            <param index="0">
              <value>
                <![CDATA[edge]]>
              </value>
            </param>
          </params>
          <reporter-output>
          </reporter-output>
        </test-method> <!-- initDriver -->
        <test-method signature="DisplayChennaiBikes()[pri:0, instance:com.main.TestBase.TC002_ChennaiBikeDetails@7d8704ef]" started-at="2025-08-04T10:45:45 IST" name="DisplayChennaiBikes" finished-at="2025-08-04T10:45:58 IST" duration-ms="13125" status="PASS">
          <reporter-output>
          </reporter-output>
        </test-method> <!-- DisplayChennaiBikes -->
        <test-method is-config="true" signature="afterClass()[pri:0, instance:com.main.TestBase.TC002_ChennaiBikeDetails@7d8704ef]" started-at="2025-08-04T10:45:58 IST" name="afterClass" finished-at="2025-08-04T10:46:03 IST" duration-ms="5028" status="PASS">
          <reporter-output>
          </reporter-output>
        </test-method> <!-- afterClass -->
      </class> <!-- com.main.TestBase.TC002_ChennaiBikeDetails -->
      <class name="com.main.TestBase.TC001_UpcomingBikes">
        <test-method is-config="true" signature="initDriver(java.lang.String)[pri:0, instance:com.main.TestBase.TC001_UpcomingBikes@17f7cd29]" started-at="2025-08-04T10:44:53 IST" name="initDriver" finished-at="2025-08-04T10:45:02 IST" duration-ms="9280" status="PASS">
          <params>
            <param index="0">
              <value>
                <![CDATA[edge]]>
              </value>
            </param>
          </params>
          <reporter-output>
          </reporter-output>
        </test-method> <!-- initDriver -->
        <test-method signature="Filter()[pri:0, instance:com.main.TestBase.TC001_UpcomingBikes@17f7cd29]" started-at="2025-08-04T10:45:02 IST" name="Filter" finished-at="2025-08-04T10:45:30 IST" duration-ms="27925" status="PASS">
          <reporter-output>
          </reporter-output>
        </test-method> <!-- Filter -->
        <test-method is-config="true" signature="afterClass()[pri:0, instance:com.main.TestBase.TC001_UpcomingBikes@17f7cd29]" started-at="2025-08-04T10:45:30 IST" name="afterClass" finished-at="2025-08-04T10:45:37 IST" duration-ms="6462" status="PASS">
          <reporter-output>
          </reporter-output>
        </test-method> <!-- afterClass -->
      </class> <!-- com.main.TestBase.TC001_UpcomingBikes -->
    </test> <!-- EdgeTest -->
    <test started-at="2025-08-04T10:44:53 IST" name="ChromeTest" finished-at="2025-08-04T10:46:31 IST" duration-ms="97676">
      <class name="com.main.TestBase.TC003_AuthenticationAndScreenShot">
        <test-method is-config="true" signature="initDriver(java.lang.String)[pri:0, instance:com.main.TestBase.TC003_AuthenticationAndScreenShot@3c9754d8]" started-at="2025-08-04T10:46:04 IST" name="initDriver" finished-at="2025-08-04T10:46:15 IST" duration-ms="11846" status="PASS">
          <params>
            <param index="0">
              <value>
                <![CDATA[chrome]]>
              </value>
            </param>
          </params>
          <reporter-output>
          </reporter-output>
        </test-method> <!-- initDriver -->
        <test-method signature="AuthenticationAndScreenShot()[pri:0, instance:com.main.TestBase.TC003_AuthenticationAndScreenShot@3c9754d8]" started-at="2025-08-04T10:46:15 IST" name="AuthenticationAndScreenShot" finished-at="2025-08-04T10:46:24 IST" duration-ms="8933" status="PASS">
          <reporter-output>
          </reporter-output>
        </test-method> <!-- AuthenticationAndScreenShot -->
        <test-method is-config="true" signature="afterClass()[pri:0, instance:com.main.TestBase.TC003_AuthenticationAndScreenShot@3c9754d8]" started-at="2025-08-04T10:46:24 IST" name="afterClass" finished-at="2025-08-04T10:46:31 IST" duration-ms="6229" status="PASS">
          <reporter-output>
          </reporter-output>
        </test-method> <!-- afterClass -->
      </class> <!-- com.main.TestBase.TC003_AuthenticationAndScreenShot -->
      <class name="com.main.TestBase.TC002_ChennaiBikeDetails">
        <test-method is-config="true" signature="initDriver(java.lang.String)[pri:0, instance:com.main.TestBase.TC002_ChennaiBikeDetails@7c6908d7]" started-at="2025-08-04T10:45:35 IST" name="initDriver" finished-at="2025-08-04T10:45:46 IST" duration-ms="10891" status="PASS">
          <params>
            <param index="0">
              <value>
                <![CDATA[chrome]]>
              </value>
            </param>
          </params>
          <reporter-output>
          </reporter-output>
        </test-method> <!-- initDriver -->
        <test-method signature="DisplayChennaiBikes()[pri:0, instance:com.main.TestBase.TC002_ChennaiBikeDetails@7c6908d7]" started-at="2025-08-04T10:45:46 IST" name="DisplayChennaiBikes" finished-at="2025-08-04T10:45:58 IST" duration-ms="12530" status="PASS">
          <reporter-output>
          </reporter-output>
        </test-method> <!-- DisplayChennaiBikes -->
        <test-method is-config="true" signature="afterClass()[pri:0, instance:com.main.TestBase.TC002_ChennaiBikeDetails@7c6908d7]" started-at="2025-08-04T10:45:58 IST" name="afterClass" finished-at="2025-08-04T10:46:04 IST" duration-ms="5217" status="PASS">
          <reporter-output>
          </reporter-output>
        </test-method> <!-- afterClass -->
      </class> <!-- com.main.TestBase.TC002_ChennaiBikeDetails -->
      <class name="com.main.TestBase.TC001_UpcomingBikes">
        <test-method is-config="true" signature="initDriver(java.lang.String)[pri:0, instance:com.main.TestBase.TC001_UpcomingBikes@6ed3ccb2]" started-at="2025-08-04T10:44:53 IST" name="initDriver" finished-at="2025-08-04T10:45:07 IST" duration-ms="13790" status="PASS">
          <params>
            <param index="0">
              <value>
                <![CDATA[chrome]]>
              </value>
            </param>
          </params>
          <reporter-output>
          </reporter-output>
        </test-method> <!-- initDriver -->
        <test-method signature="Filter()[pri:0, instance:com.main.TestBase.TC001_UpcomingBikes@6ed3ccb2]" started-at="2025-08-04T10:45:07 IST" name="Filter" finished-at="2025-08-04T10:45:29 IST" duration-ms="21508" status="PASS">
          <reporter-output>
          </reporter-output>
        </test-method> <!-- Filter -->
        <test-method is-config="true" signature="afterClass()[pri:0, instance:com.main.TestBase.TC001_UpcomingBikes@6ed3ccb2]" started-at="2025-08-04T10:45:29 IST" name="afterClass" finished-at="2025-08-04T10:45:35 IST" duration-ms="6301" status="PASS">
          <reporter-output>
          </reporter-output>
        </test-method> <!-- afterClass -->
      </class> <!-- com.main.TestBase.TC001_UpcomingBikes -->
    </test> <!-- ChromeTest -->
  </suite> <!-- Suite -->
</testng-results>
